
RVCP-SUMMARY: TEST PASSED - Test File "ZicsrF-00.S"

RVCP-SUMMARY: TEST PASSED - ELF "artifacts/act4-work/rvemu-rv64imafdc/elfs/priv/ZicsrF/ZicsrF-00.elf"

RVCP-SUMMARY: TEST PASSED - Test File "D-fadd.d-00.S"

RVCP-SUMMARY: TEST PASSED - ELF "artifacts/act4-work/rvemu-rv64imafdc/elfs/rv64i/D/D-fadd.d-00.elf"

RVCP-SUMMARY: TEST PASSED - Test File "D-fadd.d-01.S"

RVCP-SUMMARY: TEST PASSED - ELF "artifacts/act4-work/rvemu-rv64imafdc/elfs/rv64i/D/D-fadd.d-01.elf"

RVCP-SUMMARY: TEST PASSED - Test File "D-fadd.d-02.S"

RVCP-SUMMARY: TEST PASSED - ELF "artifacts/act4-work/rvemu-rv64imafdc/elfs/rv64i/D/D-fadd.d-02.elf"

RVCP-SUMMARY: TEST PASSED - Test File "D-fadd.d-03.S"

RVCP-SUMMARY: TEST PASSED - ELF "artifacts/act4-work/rvemu-rv64imafdc/elfs/rv64i/D/D-fadd.d-03.elf"

RVCP-SUMMARY: TEST PASSED - Test File "D-fadd.d-04.S"

RVCP-SUMMARY: TEST PASSED - ELF "artifacts/act4-work/rvemu-rv64imafdc/elfs/rv64i/D/D-fadd.d-04.elf"

RVCP-SUMMARY: TEST PASSED - Test File "D-fadd.s-00.S"

RVCP-SUMMARY: TEST PASSED - ELF "artifacts/act4-work/rvemu-rv64imafdc/elfs/rv64i/D/D-fadd.s-00.elf"

RVCP-SUMMARY: TEST PASSED - Test File "D-fclass.d-00.S"

RVCP-SUMMARY: TEST PASSED - ELF "artifacts/act4-work/rvemu-rv64imafdc/elfs/rv64i/D/D-fclass.d-00.elf"

RVCP-SUMMARY: TEST PASSED - Test File "D-fclass.s-00.S"

RVCP-SUMMARY: TEST PASSED - ELF "artifacts/act4-work/rvemu-rv64imafdc/elfs/rv64i/D/D-fclass.s-00.elf"

RVCP-SUMMARY: TEST PASSED - Test File "D-fcvt.d.l-00.S"

RVCP-SUMMARY: TEST PASSED - ELF "artifacts/act4-work/rvemu-rv64imafdc/elfs/rv64i/D/D-fcvt.d.l-00.elf"

RVCP-SUMMARY: TEST PASSED - Test File "D-fcvt.d.lu-00.S"

RVCP-SUMMARY: TEST PASSED - ELF "artifacts/act4-work/rvemu-rv64imafdc/elfs/rv64i/D/D-fcvt.d.lu-00.elf"

RVCP-SUMMARY: TEST PASSED - Test File "D-fcvt.d.s-00.S"

RVCP-SUMMARY: TEST PASSED - ELF "artifacts/act4-work/rvemu-rv64imafdc/elfs/rv64i/D/D-fcvt.d.s-00.elf"

RVCP-SUMMARY: TEST PASSED - Test File "D-fcvt.d.w-00.S"

RVCP-SUMMARY: TEST PASSED - ELF "artifacts/act4-work/rvemu-rv64imafdc/elfs/rv64i/D/D-fcvt.d.w-00.elf"

RVCP-SUMMARY: TEST PASSED - Test File "D-fcvt.d.wu-00.S"

RVCP-SUMMARY: TEST PASSED - ELF "artifacts/act4-work/rvemu-rv64imafdc/elfs/rv64i/D/D-fcvt.d.wu-00.elf"

RVCP-SUMMARY: TEST PASSED - Test File "D-fcvt.l.d-00.S"

RVCP-SUMMARY: TEST PASSED - ELF "artifacts/act4-work/rvemu-rv64imafdc/elfs/rv64i/D/D-fcvt.l.d-00.elf"

RVCP-SUMMARY: TEST PASSED - Test File "D-fcvt.l.s-00.S"

RVCP-SUMMARY: TEST PASSED - ELF "artifacts/act4-work/rvemu-rv64imafdc/elfs/rv64i/D/D-fcvt.l.s-00.elf"

RVCP-SUMMARY: TEST PASSED - Test File "D-fcvt.lu.d-00.S"

RVCP-SUMMARY: TEST PASSED - ELF "artifacts/act4-work/rvemu-rv64imafdc/elfs/rv64i/D/D-fcvt.lu.d-00.elf"

RVCP-SUMMARY: TEST PASSED - Test File "D-fcvt.lu.s-00.S"

RVCP-SUMMARY: TEST PASSED - ELF "artifacts/act4-work/rvemu-rv64imafdc/elfs/rv64i/D/D-fcvt.lu.s-00.elf"

RVCP-SUMMARY: TEST PASSED - Test File "D-fcvt.s.d-00.S"

RVCP-SUMMARY: TEST PASSED - ELF "artifacts/act4-work/rvemu-rv64imafdc/elfs/rv64i/D/D-fcvt.s.d-00.elf"

RVCP-SUMMARY: TEST PASSED - Test File "D-fcvt.s.l-00.S"

RVCP-SUMMARY: TEST PASSED - ELF "artifacts/act4-work/rvemu-rv64imafdc/elfs/rv64i/D/D-fcvt.s.l-00.elf"

RVCP-SUMMARY: TEST PASSED - Test File "D-fcvt.s.lu-00.S"

RVCP-SUMMARY: TEST PASSED - ELF "artifacts/act4-work/rvemu-rv64imafdc/elfs/rv64i/D/D-fcvt.s.lu-00.elf"

RVCP-SUMMARY: TEST PASSED - Test File "D-fcvt.s.w-00.S"

RVCP-SUMMARY: TEST PASSED - ELF "artifacts/act4-work/rvemu-rv64imafdc/elfs/rv64i/D/D-fcvt.s.w-00.elf"

RVCP-SUMMARY: TEST PASSED - Test File "D-fcvt.s.wu-00.S"

RVCP-SUMMARY: TEST PASSED - ELF "artifacts/act4-work/rvemu-rv64imafdc/elfs/rv64i/D/D-fcvt.s.wu-00.elf"

RVCP-SUMMARY: TEST PASSED - Test File "D-fcvt.w.d-00.S"

RVCP-SUMMARY: TEST PASSED - ELF "artifacts/act4-work/rvemu-rv64imafdc/elfs/rv64i/D/D-fcvt.w.d-00.elf"

RVCP-SUMMARY: TEST PASSED - Test File "D-fcvt.w.s-00.S"

RVCP-SUMMARY: TEST PASSED - ELF "artifacts/act4-work/rvemu-rv64imafdc/elfs/rv64i/D/D-fcvt.w.s-00.elf"

RVCP-SUMMARY: TEST PASSED - Test File "D-fcvt.wu.d-00.S"

RVCP-SUMMARY: TEST PASSED - ELF "artifacts/act4-work/rvemu-rv64imafdc/elfs/rv64i/D/D-fcvt.wu.d-00.elf"

RVCP-SUMMARY: TEST PASSED - Test File "D-fcvt.wu.s-00.S"

RVCP-SUMMARY: TEST PASSED - ELF "artifacts/act4-work/rvemu-rv64imafdc/elfs/rv64i/D/D-fcvt.wu.s-00.elf"

RVCP-SUMMARY: TEST PASSED - Test File "D-fdiv.d-00.S"

RVCP-SUMMARY: TEST PASSED - ELF "artifacts/act4-work/rvemu-rv64imafdc/elfs/rv64i/D/D-fdiv.d-00.elf"

RVCP-SUMMARY: TEST PASSED - Test File "D-fdiv.d-01.S"

RVCP-SUMMARY: TEST PASSED - ELF "artifacts/act4-work/rvemu-rv64imafdc/elfs/rv64i/D/D-fdiv.d-01.elf"

RVCP-SUMMARY: TEST PASSED - Test File "D-fdiv.d-02.S"

RVCP-SUMMARY: TEST PASSED - ELF "artifacts/act4-work/rvemu-rv64imafdc/elfs/rv64i/D/D-fdiv.d-02.elf"

RVCP-SUMMARY: TEST PASSED - Test File "D-fdiv.d-03.S"

RVCP-SUMMARY: TEST PASSED - ELF "artifacts/act4-work/rvemu-rv64imafdc/elfs/rv64i/D/D-fdiv.d-03.elf"

RVCP-SUMMARY: TEST PASSED - Test File "D-fdiv.d-04.S"

RVCP-SUMMARY: TEST PASSED - ELF "artifacts/act4-work/rvemu-rv64imafdc/elfs/rv64i/D/D-fdiv.d-04.elf"

RVCP-SUMMARY: TEST PASSED - Test File "D-fdiv.s-00.S"

RVCP-SUMMARY: TEST PASSED - ELF "artifacts/act4-work/rvemu-rv64imafdc/elfs/rv64i/D/D-fdiv.s-00.elf"

RVCP-SUMMARY: TEST PASSED - Test File "D-feq.d-00.S"

RVCP-SUMMARY: TEST PASSED - ELF "artifacts/act4-work/rvemu-rv64imafdc/elfs/rv64i/D/D-feq.d-00.elf"

RVCP-SUMMARY: TEST PASSED - Test File "D-feq.s-00.S"

RVCP-SUMMARY: TEST PASSED - ELF "artifacts/act4-work/rvemu-rv64imafdc/elfs/rv64i/D/D-feq.s-00.elf"

RVCP-SUMMARY: TEST PASSED - Test File "D-fld-00.S"

RVCP-SUMMARY: TEST PASSED - ELF "artifacts/act4-work/rvemu-rv64imafdc/elfs/rv64i/D/D-fld-00.elf"

RVCP-SUMMARY: TEST PASSED - Test File "D-fle.d-00.S"

RVCP-SUMMARY: TEST PASSED - ELF "artifacts/act4-work/rvemu-rv64imafdc/elfs/rv64i/D/D-fle.d-00.elf"

RVCP-SUMMARY: TEST PASSED - Test File "D-fle.s-00.S"

RVCP-SUMMARY: TEST PASSED - ELF "artifacts/act4-work/rvemu-rv64imafdc/elfs/rv64i/D/D-fle.s-00.elf"

RVCP-SUMMARY: TEST PASSED - Test File "D-flt.d-00.S"

RVCP-SUMMARY: TEST PASSED - ELF "artifacts/act4-work/rvemu-rv64imafdc/elfs/rv64i/D/D-flt.d-00.elf"

RVCP-SUMMARY: TEST PASSED - Test File "D-flt.s-00.S"

RVCP-SUMMARY: TEST PASSED - ELF "artifacts/act4-work/rvemu-rv64imafdc/elfs/rv64i/D/D-flt.s-00.elf"

RVCP-SUMMARY: TEST PASSED - Test File "D-flw-00.S"

RVCP-SUMMARY: TEST PASSED - ELF "artifacts/act4-work/rvemu-rv64imafdc/elfs/rv64i/D/D-flw-00.elf"

RVCP-SUMMARY: TEST PASSED - Test File "D-fmadd.d-00.S"

RVCP-SUMMARY: TEST PASSED - ELF "artifacts/act4-work/rvemu-rv64imafdc/elfs/rv64i/D/D-fmadd.d-00.elf"

RVCP-SUMMARY: TEST PASSED - Test File "D-fmadd.d-01.S"

RVCP-SUMMARY: TEST PASSED - ELF "artifacts/act4-work/rvemu-rv64imafdc/elfs/rv64i/D/D-fmadd.d-01.elf"

RVCP-SUMMARY: TEST PASSED - Test File "D-fmadd.d-02.S"

RVCP-SUMMARY: TEST PASSED - ELF "artifacts/act4-work/rvemu-rv64imafdc/elfs/rv64i/D/D-fmadd.d-02.elf"

RVCP-SUMMARY: TEST PASSED - Test File "D-fmadd.d-03.S"

RVCP-SUMMARY: TEST PASSED - ELF "artifacts/act4-work/rvemu-rv64imafdc/elfs/rv64i/D/D-fmadd.d-03.elf"

RVCP-SUMMARY: TEST PASSED - Test File "D-fmadd.d-04.S"

RVCP-SUMMARY: TEST PASSED - ELF "artifacts/act4-work/rvemu-rv64imafdc/elfs/rv64i/D/D-fmadd.d-04.elf"

RVCP-SUMMARY: TEST PASSED - Test File "D-fmadd.d-05.S"

RVCP-SUMMARY: TEST PASSED - ELF "artifacts/act4-work/rvemu-rv64imafdc/elfs/rv64i/D/D-fmadd.d-05.elf"

RVCP-SUMMARY: TEST PASSED - Test File "D-fmadd.d-06.S"

RVCP-SUMMARY: TEST PASSED - ELF "artifacts/act4-work/rvemu-rv64imafdc/elfs/rv64i/D/D-fmadd.d-06.elf"

RVCP-SUMMARY: TEST PASSED - Test File "D-fmadd.d-07.S"

RVCP-SUMMARY: TEST PASSED - ELF "artifacts/act4-work/rvemu-rv64imafdc/elfs/rv64i/D/D-fmadd.d-07.elf"

RVCP-SUMMARY: TEST PASSED - Test File "D-fmadd.d-08.S"

RVCP-SUMMARY: TEST PASSED - ELF "artifacts/act4-work/rvemu-rv64imafdc/elfs/rv64i/D/D-fmadd.d-08.elf"

RVCP-SUMMARY: TEST PASSED - Test File "D-fmadd.d-09.S"

RVCP-SUMMARY: TEST PASSED - ELF "artifacts/act4-work/rvemu-rv64imafdc/elfs/rv64i/D/D-fmadd.d-09.elf"

RVCP-SUMMARY: TEST PASSED - Test File "D-fmadd.s-00.S"

RVCP-SUMMARY: TEST PASSED - ELF "artifacts/act4-work/rvemu-rv64imafdc/elfs/rv64i/D/D-fmadd.s-00.elf"

RVCP-SUMMARY: TEST PASSED - Test File "D-fmax.d-00.S"

RVCP-SUMMARY: TEST PASSED - ELF "artifacts/act4-work/rvemu-rv64imafdc/elfs/rv64i/D/D-fmax.d-00.elf"

RVCP-SUMMARY: TEST PASSED - Test File "D-fmax.s-00.S"

RVCP-SUMMARY: TEST PASSED - ELF "artifacts/act4-work/rvemu-rv64imafdc/elfs/rv64i/D/D-fmax.s-00.elf"

RVCP-SUMMARY: TEST PASSED - Test File "D-fmin.d-00.S"

RVCP-SUMMARY: TEST PASSED - ELF "artifacts/act4-work/rvemu-rv64imafdc/elfs/rv64i/D/D-fmin.d-00.elf"

RVCP-SUMMARY: TEST PASSED - Test File "D-fmin.s-00.S"

RVCP-SUMMARY: TEST PASSED - ELF "artifacts/act4-work/rvemu-rv64imafdc/elfs/rv64i/D/D-fmin.s-00.elf"

RVCP-SUMMARY: TEST PASSED - Test File "D-fmsub.d-00.S"

RVCP-SUMMARY: TEST PASSED - ELF "artifacts/act4-work/rvemu-rv64imafdc/elfs/rv64i/D/D-fmsub.d-00.elf"

RVCP-SUMMARY: TEST PASSED - Test File "D-fmsub.d-01.S"

RVCP-SUMMARY: TEST PASSED - ELF "artifacts/act4-work/rvemu-rv64imafdc/elfs/rv64i/D/D-fmsub.d-01.elf"

RVCP-SUMMARY: TEST PASSED - Test File "D-fmsub.d-02.S"

RVCP-SUMMARY: TEST PASSED - ELF "artifacts/act4-work/rvemu-rv64imafdc/elfs/rv64i/D/D-fmsub.d-02.elf"

RVCP-SUMMARY: TEST PASSED - Test File "D-fmsub.d-03.S"

RVCP-SUMMARY: TEST PASSED - ELF "artifacts/act4-work/rvemu-rv64imafdc/elfs/rv64i/D/D-fmsub.d-03.elf"

RVCP-SUMMARY: TEST PASSED - Test File "D-fmsub.d-04.S"

RVCP-SUMMARY: TEST PASSED - ELF "artifacts/act4-work/rvemu-rv64imafdc/elfs/rv64i/D/D-fmsub.d-04.elf"

RVCP-SUMMARY: TEST PASSED - Test File "D-fmsub.d-05.S"

RVCP-SUMMARY: TEST PASSED - ELF "artifacts/act4-work/rvemu-rv64imafdc/elfs/rv64i/D/D-fmsub.d-05.elf"

RVCP-SUMMARY: TEST PASSED - Test File "D-fmsub.d-06.S"

RVCP-SUMMARY: TEST PASSED - ELF "artifacts/act4-work/rvemu-rv64imafdc/elfs/rv64i/D/D-fmsub.d-06.elf"

RVCP-SUMMARY: TEST PASSED - Test File "D-fmsub.d-07.S"

RVCP-SUMMARY: TEST PASSED - ELF "artifacts/act4-work/rvemu-rv64imafdc/elfs/rv64i/D/D-fmsub.d-07.elf"

RVCP-SUMMARY: TEST PASSED - Test File "D-fmsub.d-08.S"

RVCP-SUMMARY: TEST PASSED - ELF "artifacts/act4-work/rvemu-rv64imafdc/elfs/rv64i/D/D-fmsub.d-08.elf"

RVCP-SUMMARY: TEST PASSED - Test File "D-fmsub.d-09.S"

RVCP-SUMMARY: TEST PASSED - ELF "artifacts/act4-work/rvemu-rv64imafdc/elfs/rv64i/D/D-fmsub.d-09.elf"

RVCP-SUMMARY: TEST PASSED - Test File "D-fmsub.s-00.S"

RVCP-SUMMARY: TEST PASSED - ELF "artifacts/act4-work/rvemu-rv64imafdc/elfs/rv64i/D/D-fmsub.s-00.elf"

RVCP-SUMMARY: TEST PASSED - Test File "D-fmul.d-00.S"

RVCP-SUMMARY: TEST PASSED - ELF "artifacts/act4-work/rvemu-rv64imafdc/elfs/rv64i/D/D-fmul.d-00.elf"

RVCP-SUMMARY: TEST PASSED - Test File "D-fmul.d-01.S"

RVCP-SUMMARY: TEST PASSED - ELF "artifacts/act4-work/rvemu-rv64imafdc/elfs/rv64i/D/D-fmul.d-01.elf"

RVCP-SUMMARY: TEST PASSED - Test File "D-fmul.d-02.S"

RVCP-SUMMARY: TEST PASSED - ELF "artifacts/act4-work/rvemu-rv64imafdc/elfs/rv64i/D/D-fmul.d-02.elf"

RVCP-SUMMARY: TEST PASSED - Test File "D-fmul.d-03.S"

RVCP-SUMMARY: TEST PASSED - ELF "artifacts/act4-work/rvemu-rv64imafdc/elfs/rv64i/D/D-fmul.d-03.elf"

RVCP-SUMMARY: TEST PASSED - Test File "D-fmul.d-04.S"

RVCP-SUMMARY: TEST PASSED - ELF "artifacts/act4-work/rvemu-rv64imafdc/elfs/rv64i/D/D-fmul.d-04.elf"

RVCP-SUMMARY: TEST PASSED - Test File "D-fmul.s-00.S"

RVCP-SUMMARY: TEST PASSED - ELF "artifacts/act4-work/rvemu-rv64imafdc/elfs/rv64i/D/D-fmul.s-00.elf"

RVCP-SUMMARY: TEST PASSED - Test File "D-fmv.d.x-00.S"

RVCP-SUMMARY: TEST PASSED - ELF "artifacts/act4-work/rvemu-rv64imafdc/elfs/rv64i/D/D-fmv.d.x-00.elf"

RVCP-SUMMARY: TEST PASSED - Test File "D-fmv.w.x-00.S"

RVCP-SUMMARY: TEST PASSED - ELF "artifacts/act4-work/rvemu-rv64imafdc/elfs/rv64i/D/D-fmv.w.x-00.elf"

RVCP-SUMMARY: TEST PASSED - Test File "D-fmv.x.d-00.S"

RVCP-SUMMARY: TEST PASSED - ELF "artifacts/act4-work/rvemu-rv64imafdc/elfs/rv64i/D/D-fmv.x.d-00.elf"

RVCP-SUMMARY: TEST PASSED - Test File "D-fmv.x.w-00.S"

RVCP-SUMMARY: TEST PASSED - ELF "artifacts/act4-work/rvemu-rv64imafdc/elfs/rv64i/D/D-fmv.x.w-00.elf"

RVCP-SUMMARY: TEST PASSED - Test File "D-fnmadd.d-00.S"

RVCP-SUMMARY: TEST PASSED - ELF "artifacts/act4-work/rvemu-rv64imafdc/elfs/rv64i/D/D-fnmadd.d-00.elf"

RVCP-SUMMARY: TEST PASSED - Test File "D-fnmadd.d-01.S"

RVCP-SUMMARY: TEST PASSED - ELF "artifacts/act4-work/rvemu-rv64imafdc/elfs/rv64i/D/D-fnmadd.d-01.elf"

RVCP-SUMMARY: TEST PASSED - Test File "D-fnmadd.d-02.S"

RVCP-SUMMARY: TEST PASSED - ELF "artifacts/act4-work/rvemu-rv64imafdc/elfs/rv64i/D/D-fnmadd.d-02.elf"

RVCP-SUMMARY: TEST PASSED - Test File "D-fnmadd.d-03.S"

RVCP-SUMMARY: TEST PASSED - ELF "artifacts/act4-work/rvemu-rv64imafdc/elfs/rv64i/D/D-fnmadd.d-03.elf"

RVCP-SUMMARY: TEST PASSED - Test File "D-fnmadd.d-04.S"

RVCP-SUMMARY: TEST PASSED - ELF "artifacts/act4-work/rvemu-rv64imafdc/elfs/rv64i/D/D-fnmadd.d-04.elf"

RVCP-SUMMARY: TEST PASSED - Test File "D-fnmadd.d-05.S"

RVCP-SUMMARY: TEST PASSED - ELF "artifacts/act4-work/rvemu-rv64imafdc/elfs/rv64i/D/D-fnmadd.d-05.elf"

RVCP-SUMMARY: TEST PASSED - Test File "D-fnmadd.d-06.S"

RVCP-SUMMARY: TEST PASSED - ELF "artifacts/act4-work/rvemu-rv64imafdc/elfs/rv64i/D/D-fnmadd.d-06.elf"

RVCP-SUMMARY: TEST PASSED - Test File "D-fnmadd.d-07.S"

RVCP-SUMMARY: TEST PASSED - ELF "artifacts/act4-work/rvemu-rv64imafdc/elfs/rv64i/D/D-fnmadd.d-07.elf"

RVCP-SUMMARY: TEST PASSED - Test File "D-fnmadd.d-08.S"

RVCP-SUMMARY: TEST PASSED - ELF "artifacts/act4-work/rvemu-rv64imafdc/elfs/rv64i/D/D-fnmadd.d-08.elf"

RVCP-SUMMARY: TEST PASSED - Test File "D-fnmadd.d-09.S"

RVCP-SUMMARY: TEST PASSED - ELF "artifacts/act4-work/rvemu-rv64imafdc/elfs/rv64i/D/D-fnmadd.d-09.elf"

RVCP-SUMMARY: TEST PASSED - Test File "D-fnmadd.s-00.S"

RVCP-SUMMARY: TEST PASSED - ELF "artifacts/act4-work/rvemu-rv64imafdc/elfs/rv64i/D/D-fnmadd.s-00.elf"

RVCP-SUMMARY: TEST PASSED - Test File "D-fnmsub.d-00.S"

RVCP-SUMMARY: TEST PASSED - ELF "artifacts/act4-work/rvemu-rv64imafdc/elfs/rv64i/D/D-fnmsub.d-00.elf"

RVCP-SUMMARY: TEST PASSED - Test File "D-fnmsub.d-01.S"

RVCP-SUMMARY: TEST PASSED - ELF "artifacts/act4-work/rvemu-rv64imafdc/elfs/rv64i/D/D-fnmsub.d-01.elf"

RVCP-SUMMARY: TEST PASSED - Test File "D-fnmsub.d-02.S"

RVCP-SUMMARY: TEST PASSED - ELF "artifacts/act4-work/rvemu-rv64imafdc/elfs/rv64i/D/D-fnmsub.d-02.elf"

RVCP-SUMMARY: TEST PASSED - Test File "D-fnmsub.d-03.S"

RVCP-SUMMARY: TEST PASSED - ELF "artifacts/act4-work/rvemu-rv64imafdc/elfs/rv64i/D/D-fnmsub.d-03.elf"

RVCP-SUMMARY: TEST PASSED - Test File "D-fnmsub.d-04.S"

RVCP-SUMMARY: TEST PASSED - ELF "artifacts/act4-work/rvemu-rv64imafdc/elfs/rv64i/D/D-fnmsub.d-04.elf"

RVCP-SUMMARY: TEST PASSED - Test File "D-fnmsub.d-05.S"

RVCP-SUMMARY: TEST PASSED - ELF "artifacts/act4-work/rvemu-rv64imafdc/elfs/rv64i/D/D-fnmsub.d-05.elf"

RVCP-SUMMARY: TEST PASSED - Test File "D-fnmsub.d-06.S"

RVCP-SUMMARY: TEST PASSED - ELF "artifacts/act4-work/rvemu-rv64imafdc/elfs/rv64i/D/D-fnmsub.d-06.elf"

RVCP-SUMMARY: TEST PASSED - Test File "D-fnmsub.d-07.S"

RVCP-SUMMARY: TEST PASSED - ELF "artifacts/act4-work/rvemu-rv64imafdc/elfs/rv64i/D/D-fnmsub.d-07.elf"

RVCP-SUMMARY: TEST PASSED - Test File "D-fnmsub.d-08.S"

RVCP-SUMMARY: TEST PASSED - ELF "artifacts/act4-work/rvemu-rv64imafdc/elfs/rv64i/D/D-fnmsub.d-08.elf"

RVCP-SUMMARY: TEST PASSED - Test File "D-fnmsub.d-09.S"

RVCP-SUMMARY: TEST PASSED - ELF "artifacts/act4-work/rvemu-rv64imafdc/elfs/rv64i/D/D-fnmsub.d-09.elf"

RVCP-SUMMARY: TEST PASSED - Test File "D-fnmsub.s-00.S"

RVCP-SUMMARY: TEST PASSED - ELF "artifacts/act4-work/rvemu-rv64imafdc/elfs/rv64i/D/D-fnmsub.s-00.elf"

RVCP-SUMMARY: TEST PASSED - Test File "D-fsd-00.S"

RVCP-SUMMARY: TEST PASSED - ELF "artifacts/act4-work/rvemu-rv64imafdc/elfs/rv64i/D/D-fsd-00.elf"

RVCP-SUMMARY: TEST PASSED - Test File "D-fsgnj.d-00.S"

RVCP-SUMMARY: TEST PASSED - ELF "artifacts/act4-work/rvemu-rv64imafdc/elfs/rv64i/D/D-fsgnj.d-00.elf"

RVCP-SUMMARY: TEST PASSED - Test File "D-fsgnj.s-00.S"

RVCP-SUMMARY: TEST PASSED - ELF "artifacts/act4-work/rvemu-rv64imafdc/elfs/rv64i/D/D-fsgnj.s-00.elf"

RVCP-SUMMARY: TEST PASSED - Test File "D-fsgnjn.d-00.S"

RVCP-SUMMARY: TEST PASSED - ELF "artifacts/act4-work/rvemu-rv64imafdc/elfs/rv64i/D/D-fsgnjn.d-00.elf"

RVCP-SUMMARY: TEST PASSED - Test File "D-fsgnjn.s-00.S"

RVCP-SUMMARY: TEST PASSED - ELF "artifacts/act4-work/rvemu-rv64imafdc/elfs/rv64i/D/D-fsgnjn.s-00.elf"

RVCP-SUMMARY: TEST PASSED - Test File "D-fsgnjx.d-00.S"

RVCP-SUMMARY: TEST PASSED - ELF "artifacts/act4-work/rvemu-rv64imafdc/elfs/rv64i/D/D-fsgnjx.d-00.elf"

RVCP-SUMMARY: TEST PASSED - Test File "D-fsgnjx.s-00.S"

RVCP-SUMMARY: TEST PASSED - ELF "artifacts/act4-work/rvemu-rv64imafdc/elfs/rv64i/D/D-fsgnjx.s-00.elf"

RVCP-SUMMARY: TEST PASSED - Test File "D-fsqrt.d-00.S"

RVCP-SUMMARY: TEST PASSED - ELF "artifacts/act4-work/rvemu-rv64imafdc/elfs/rv64i/D/D-fsqrt.d-00.elf"

RVCP-SUMMARY: TEST PASSED - Test File "D-fsqrt.s-00.S"

RVCP-SUMMARY: TEST PASSED - ELF "artifacts/act4-work/rvemu-rv64imafdc/elfs/rv64i/D/D-fsqrt.s-00.elf"

RVCP-SUMMARY: TEST PASSED - Test File "D-fsub.d-00.S"

RVCP-SUMMARY: TEST PASSED - ELF "artifacts/act4-work/rvemu-rv64imafdc/elfs/rv64i/D/D-fsub.d-00.elf"

RVCP-SUMMARY: TEST PASSED - Test File "D-fsub.d-01.S"

RVCP-SUMMARY: TEST PASSED - ELF "artifacts/act4-work/rvemu-rv64imafdc/elfs/rv64i/D/D-fsub.d-01.elf"

RVCP-SUMMARY: TEST PASSED - Test File "D-fsub.d-02.S"

RVCP-SUMMARY: TEST PASSED - ELF "artifacts/act4-work/rvemu-rv64imafdc/elfs/rv64i/D/D-fsub.d-02.elf"

RVCP-SUMMARY: TEST PASSED - Test File "D-fsub.d-03.S"

RVCP-SUMMARY: TEST PASSED - ELF "artifacts/act4-work/rvemu-rv64imafdc/elfs/rv64i/D/D-fsub.d-03.elf"

RVCP-SUMMARY: TEST PASSED - Test File "D-fsub.d-04.S"

RVCP-SUMMARY: TEST PASSED - ELF "artifacts/act4-work/rvemu-rv64imafdc/elfs/rv64i/D/D-fsub.d-04.elf"

RVCP-SUMMARY: TEST PASSED - Test File "D-fsub.s-00.S"

RVCP-SUMMARY: TEST PASSED - ELF "artifacts/act4-work/rvemu-rv64imafdc/elfs/rv64i/D/D-fsub.s-00.elf"

RVCP-SUMMARY: TEST PASSED - Test File "D-fsw-00.S"

RVCP-SUMMARY: TEST PASSED - ELF "artifacts/act4-work/rvemu-rv64imafdc/elfs/rv64i/D/D-fsw-00.elf"

RVCP-SUMMARY: TEST PASSED - Test File "F-fadd.s-00.S"

RVCP-SUMMARY: TEST PASSED - ELF "artifacts/act4-work/rvemu-rv64imafdc/elfs/rv64i/F/F-fadd.s-00.elf"

RVCP-SUMMARY: TEST PASSED - Test File "F-fadd.s-01.S"

RVCP-SUMMARY: TEST PASSED - ELF "artifacts/act4-work/rvemu-rv64imafdc/elfs/rv64i/F/F-fadd.s-01.elf"

RVCP-SUMMARY: TEST PASSED - Test File "F-fadd.s-02.S"

RVCP-SUMMARY: TEST PASSED - ELF "artifacts/act4-work/rvemu-rv64imafdc/elfs/rv64i/F/F-fadd.s-02.elf"

RVCP-SUMMARY: TEST PASSED - Test File "F-fadd.s-03.S"

RVCP-SUMMARY: TEST PASSED - ELF "artifacts/act4-work/rvemu-rv64imafdc/elfs/rv64i/F/F-fadd.s-03.elf"

RVCP-SUMMARY: TEST PASSED - Test File "F-fadd.s-04.S"

RVCP-SUMMARY: TEST PASSED - ELF "artifacts/act4-work/rvemu-rv64imafdc/elfs/rv64i/F/F-fadd.s-04.elf"

RVCP-SUMMARY: TEST PASSED - Test File "F-fclass.s-00.S"

RVCP-SUMMARY: TEST PASSED - ELF "artifacts/act4-work/rvemu-rv64imafdc/elfs/rv64i/F/F-fclass.s-00.elf"

RVCP-SUMMARY: TEST PASSED - Test File "F-fcvt.l.s-00.S"

RVCP-SUMMARY: TEST PASSED - ELF "artifacts/act4-work/rvemu-rv64imafdc/elfs/rv64i/F/F-fcvt.l.s-00.elf"

RVCP-SUMMARY: TEST PASSED - Test File "F-fcvt.lu.s-00.S"

RVCP-SUMMARY: TEST PASSED - ELF "artifacts/act4-work/rvemu-rv64imafdc/elfs/rv64i/F/F-fcvt.lu.s-00.elf"

RVCP-SUMMARY: TEST PASSED - Test File "F-fcvt.s.l-00.S"

RVCP-SUMMARY: TEST PASSED - ELF "artifacts/act4-work/rvemu-rv64imafdc/elfs/rv64i/F/F-fcvt.s.l-00.elf"

RVCP-SUMMARY: TEST PASSED - Test File "F-fcvt.s.lu-00.S"

RVCP-SUMMARY: TEST PASSED - ELF "artifacts/act4-work/rvemu-rv64imafdc/elfs/rv64i/F/F-fcvt.s.lu-00.elf"

RVCP-SUMMARY: TEST PASSED - Test File "F-fcvt.s.w-00.S"

RVCP-SUMMARY: TEST PASSED - ELF "artifacts/act4-work/rvemu-rv64imafdc/elfs/rv64i/F/F-fcvt.s.w-00.elf"

RVCP-SUMMARY: TEST PASSED - Test File "F-fcvt.s.wu-00.S"

RVCP-SUMMARY: TEST PASSED - ELF "artifacts/act4-work/rvemu-rv64imafdc/elfs/rv64i/F/F-fcvt.s.wu-00.elf"

RVCP-SUMMARY: TEST PASSED - Test File "F-fcvt.w.s-00.S"

RVCP-SUMMARY: TEST PASSED - ELF "artifacts/act4-work/rvemu-rv64imafdc/elfs/rv64i/F/F-fcvt.w.s-00.elf"

RVCP-SUMMARY: TEST PASSED - Test File "F-fcvt.wu.s-00.S"

RVCP-SUMMARY: TEST PASSED - ELF "artifacts/act4-work/rvemu-rv64imafdc/elfs/rv64i/F/F-fcvt.wu.s-00.elf"

RVCP-SUMMARY: TEST PASSED - Test File "F-fdiv.s-00.S"

RVCP-SUMMARY: TEST PASSED - ELF "artifacts/act4-work/rvemu-rv64imafdc/elfs/rv64i/F/F-fdiv.s-00.elf"

RVCP-SUMMARY: TEST PASSED - Test File "F-fdiv.s-01.S"

RVCP-SUMMARY: TEST PASSED - ELF "artifacts/act4-work/rvemu-rv64imafdc/elfs/rv64i/F/F-fdiv.s-01.elf"

RVCP-SUMMARY: TEST PASSED - Test File "F-fdiv.s-02.S"

RVCP-SUMMARY: TEST PASSED - ELF "artifacts/act4-work/rvemu-rv64imafdc/elfs/rv64i/F/F-fdiv.s-02.elf"

RVCP-SUMMARY: TEST PASSED - Test File "F-fdiv.s-03.S"

RVCP-SUMMARY: TEST PASSED - ELF "artifacts/act4-work/rvemu-rv64imafdc/elfs/rv64i/F/F-fdiv.s-03.elf"

RVCP-SUMMARY: TEST PASSED - Test File "F-fdiv.s-04.S"

RVCP-SUMMARY: TEST PASSED - ELF "artifacts/act4-work/rvemu-rv64imafdc/elfs/rv64i/F/F-fdiv.s-04.elf"

RVCP-SUMMARY: TEST PASSED - Test File "F-feq.s-00.S"

RVCP-SUMMARY: TEST PASSED - ELF "artifacts/act4-work/rvemu-rv64imafdc/elfs/rv64i/F/F-feq.s-00.elf"

RVCP-SUMMARY: TEST PASSED - Test File "F-fle.s-00.S"

RVCP-SUMMARY: TEST PASSED - ELF "artifacts/act4-work/rvemu-rv64imafdc/elfs/rv64i/F/F-fle.s-00.elf"

RVCP-SUMMARY: TEST PASSED - Test File "F-flt.s-00.S"

RVCP-SUMMARY: TEST PASSED - ELF "artifacts/act4-work/rvemu-rv64imafdc/elfs/rv64i/F/F-flt.s-00.elf"

RVCP-SUMMARY: TEST PASSED - Test File "F-flw-00.S"

RVCP-SUMMARY: TEST PASSED - ELF "artifacts/act4-work/rvemu-rv64imafdc/elfs/rv64i/F/F-flw-00.elf"

RVCP-SUMMARY: TEST PASSED - Test File "F-fmadd.s-00.S"

RVCP-SUMMARY: TEST PASSED - ELF "artifacts/act4-work/rvemu-rv64imafdc/elfs/rv64i/F/F-fmadd.s-00.elf"

RVCP-SUMMARY: TEST PASSED - Test File "F-fmadd.s-01.S"

RVCP-SUMMARY: TEST PASSED - ELF "artifacts/act4-work/rvemu-rv64imafdc/elfs/rv64i/F/F-fmadd.s-01.elf"

RVCP-SUMMARY: TEST PASSED - Test File "F-fmadd.s-02.S"

RVCP-SUMMARY: TEST PASSED - ELF "artifacts/act4-work/rvemu-rv64imafdc/elfs/rv64i/F/F-fmadd.s-02.elf"

RVCP-SUMMARY: TEST PASSED - Test File "F-fmadd.s-03.S"

RVCP-SUMMARY: TEST PASSED - ELF "artifacts/act4-work/rvemu-rv64imafdc/elfs/rv64i/F/F-fmadd.s-03.elf"

RVCP-SUMMARY: TEST PASSED - Test File "F-fmadd.s-04.S"

RVCP-SUMMARY: TEST PASSED - ELF "artifacts/act4-work/rvemu-rv64imafdc/elfs/rv64i/F/F-fmadd.s-04.elf"

RVCP-SUMMARY: TEST PASSED - Test File "F-fmadd.s-05.S"

RVCP-SUMMARY: TEST PASSED - ELF "artifacts/act4-work/rvemu-rv64imafdc/elfs/rv64i/F/F-fmadd.s-05.elf"

RVCP-SUMMARY: TEST PASSED - Test File "F-fmadd.s-06.S"

RVCP-SUMMARY: TEST PASSED - ELF "artifacts/act4-work/rvemu-rv64imafdc/elfs/rv64i/F/F-fmadd.s-06.elf"

RVCP-SUMMARY: TEST PASSED - Test File "F-fmadd.s-07.S"

RVCP-SUMMARY: TEST PASSED - ELF "artifacts/act4-work/rvemu-rv64imafdc/elfs/rv64i/F/F-fmadd.s-07.elf"

RVCP-SUMMARY: TEST PASSED - Test File "F-fmadd.s-08.S"

RVCP-SUMMARY: TEST PASSED - ELF "artifacts/act4-work/rvemu-rv64imafdc/elfs/rv64i/F/F-fmadd.s-08.elf"

RVCP-SUMMARY: TEST PASSED - Test File "F-fmadd.s-09.S"

RVCP-SUMMARY: TEST PASSED - ELF "artifacts/act4-work/rvemu-rv64imafdc/elfs/rv64i/F/F-fmadd.s-09.elf"

RVCP-SUMMARY: TEST PASSED - Test File "F-fmax.s-00.S"

RVCP-SUMMARY: TEST PASSED - ELF "artifacts/act4-work/rvemu-rv64imafdc/elfs/rv64i/F/F-fmax.s-00.elf"

RVCP-SUMMARY: TEST PASSED - Test File "F-fmin.s-00.S"

RVCP-SUMMARY: TEST PASSED - ELF "artifacts/act4-work/rvemu-rv64imafdc/elfs/rv64i/F/F-fmin.s-00.elf"

RVCP-SUMMARY: TEST PASSED - Test File "F-fmsub.s-00.S"

RVCP-SUMMARY: TEST PASSED - ELF "artifacts/act4-work/rvemu-rv64imafdc/elfs/rv64i/F/F-fmsub.s-00.elf"

RVCP-SUMMARY: TEST PASSED - Test File "F-fmsub.s-01.S"

RVCP-SUMMARY: TEST PASSED - ELF "artifacts/act4-work/rvemu-rv64imafdc/elfs/rv64i/F/F-fmsub.s-01.elf"

RVCP-SUMMARY: TEST PASSED - Test File "F-fmsub.s-02.S"

RVCP-SUMMARY: TEST PASSED - ELF "artifacts/act4-work/rvemu-rv64imafdc/elfs/rv64i/F/F-fmsub.s-02.elf"

RVCP-SUMMARY: TEST PASSED - Test File "F-fmsub.s-03.S"

RVCP-SUMMARY: TEST PASSED - ELF "artifacts/act4-work/rvemu-rv64imafdc/elfs/rv64i/F/F-fmsub.s-03.elf"

RVCP-SUMMARY: TEST PASSED - Test File "F-fmsub.s-04.S"

RVCP-SUMMARY: TEST PASSED - ELF "artifacts/act4-work/rvemu-rv64imafdc/elfs/rv64i/F/F-fmsub.s-04.elf"

RVCP-SUMMARY: TEST PASSED - Test File "F-fmsub.s-05.S"

RVCP-SUMMARY: TEST PASSED - ELF "artifacts/act4-work/rvemu-rv64imafdc/elfs/rv64i/F/F-fmsub.s-05.elf"

RVCP-SUMMARY: TEST PASSED - Test File "F-fmsub.s-06.S"

RVCP-SUMMARY: TEST PASSED - ELF "artifacts/act4-work/rvemu-rv64imafdc/elfs/rv64i/F/F-fmsub.s-06.elf"

RVCP-SUMMARY: TEST PASSED - Test File "F-fmsub.s-07.S"

RVCP-SUMMARY: TEST PASSED - ELF "artifacts/act4-work/rvemu-rv64imafdc/elfs/rv64i/F/F-fmsub.s-07.elf"

RVCP-SUMMARY: TEST PASSED - Test File "F-fmsub.s-08.S"

RVCP-SUMMARY: TEST PASSED - ELF "artifacts/act4-work/rvemu-rv64imafdc/elfs/rv64i/F/F-fmsub.s-08.elf"

RVCP-SUMMARY: TEST PASSED - Test File "F-fmsub.s-09.S"

RVCP-SUMMARY: TEST PASSED - ELF "artifacts/act4-work/rvemu-rv64imafdc/elfs/rv64i/F/F-fmsub.s-09.elf"

RVCP-SUMMARY: TEST PASSED - Test File "F-fmul.s-00.S"

RVCP-SUMMARY: TEST PASSED - ELF "artifacts/act4-work/rvemu-rv64imafdc/elfs/rv64i/F/F-fmul.s-00.elf"

RVCP-SUMMARY: TEST PASSED - Test File "F-fmul.s-01.S"

RVCP-SUMMARY: TEST PASSED - ELF "artifacts/act4-work/rvemu-rv64imafdc/elfs/rv64i/F/F-fmul.s-01.elf"

RVCP-SUMMARY: TEST PASSED - Test File "F-fmul.s-02.S"

RVCP-SUMMARY: TEST PASSED - ELF "artifacts/act4-work/rvemu-rv64imafdc/elfs/rv64i/F/F-fmul.s-02.elf"

RVCP-SUMMARY: TEST PASSED - Test File "F-fmul.s-03.S"

RVCP-SUMMARY: TEST PASSED - ELF "artifacts/act4-work/rvemu-rv64imafdc/elfs/rv64i/F/F-fmul.s-03.elf"

RVCP-SUMMARY: TEST PASSED - Test File "F-fmul.s-04.S"

RVCP-SUMMARY: TEST PASSED - ELF "artifacts/act4-work/rvemu-rv64imafdc/elfs/rv64i/F/F-fmul.s-04.elf"

RVCP-SUMMARY: TEST PASSED - Test File "F-fmv.w.x-00.S"

RVCP-SUMMARY: TEST PASSED - ELF "artifacts/act4-work/rvemu-rv64imafdc/elfs/rv64i/F/F-fmv.w.x-00.elf"

RVCP-SUMMARY: TEST PASSED - Test File "F-fmv.x.w-00.S"

RVCP-SUMMARY: TEST PASSED - ELF "artifacts/act4-work/rvemu-rv64imafdc/elfs/rv64i/F/F-fmv.x.w-00.elf"

RVCP-SUMMARY: TEST PASSED - Test File "F-fnmadd.s-00.S"

RVCP-SUMMARY: TEST PASSED - ELF "artifacts/act4-work/rvemu-rv64imafdc/elfs/rv64i/F/F-fnmadd.s-00.elf"

RVCP-SUMMARY: TEST PASSED - Test File "F-fnmadd.s-01.S"

RVCP-SUMMARY: TEST PASSED - ELF "artifacts/act4-work/rvemu-rv64imafdc/elfs/rv64i/F/F-fnmadd.s-01.elf"

RVCP-SUMMARY: TEST PASSED - Test File "F-fnmadd.s-02.S"

RVCP-SUMMARY: TEST PASSED - ELF "artifacts/act4-work/rvemu-rv64imafdc/elfs/rv64i/F/F-fnmadd.s-02.elf"

RVCP-SUMMARY: TEST PASSED - Test File "F-fnmadd.s-03.S"

RVCP-SUMMARY: TEST PASSED - ELF "artifacts/act4-work/rvemu-rv64imafdc/elfs/rv64i/F/F-fnmadd.s-03.elf"

RVCP-SUMMARY: TEST PASSED - Test File "F-fnmadd.s-04.S"

RVCP-SUMMARY: TEST PASSED - ELF "artifacts/act4-work/rvemu-rv64imafdc/elfs/rv64i/F/F-fnmadd.s-04.elf"

RVCP-SUMMARY: TEST PASSED - Test File "F-fnmadd.s-05.S"

RVCP-SUMMARY: TEST PASSED - ELF "artifacts/act4-work/rvemu-rv64imafdc/elfs/rv64i/F/F-fnmadd.s-05.elf"

RVCP-SUMMARY: TEST PASSED - Test File "F-fnmadd.s-06.S"

RVCP-SUMMARY: TEST PASSED - ELF "artifacts/act4-work/rvemu-rv64imafdc/elfs/rv64i/F/F-fnmadd.s-06.elf"

RVCP-SUMMARY: TEST PASSED - Test File "F-fnmadd.s-07.S"

RVCP-SUMMARY: TEST PASSED - ELF "artifacts/act4-work/rvemu-rv64imafdc/elfs/rv64i/F/F-fnmadd.s-07.elf"

RVCP-SUMMARY: TEST PASSED - Test File "F-fnmadd.s-08.S"

RVCP-SUMMARY: TEST PASSED - ELF "artifacts/act4-work/rvemu-rv64imafdc/elfs/rv64i/F/F-fnmadd.s-08.elf"

RVCP-SUMMARY: TEST PASSED - Test File "F-fnmadd.s-09.S"

RVCP-SUMMARY: TEST PASSED - ELF "artifacts/act4-work/rvemu-rv64imafdc/elfs/rv64i/F/F-fnmadd.s-09.elf"

RVCP-SUMMARY: TEST PASSED - Test File "F-fnmsub.s-00.S"

RVCP-SUMMARY: TEST PASSED - ELF "artifacts/act4-work/rvemu-rv64imafdc/elfs/rv64i/F/F-fnmsub.s-00.elf"

RVCP-SUMMARY: TEST PASSED - Test File "F-fnmsub.s-01.S"

RVCP-SUMMARY: TEST PASSED - ELF "artifacts/act4-work/rvemu-rv64imafdc/elfs/rv64i/F/F-fnmsub.s-01.elf"

RVCP-SUMMARY: TEST PASSED - Test File "F-fnmsub.s-02.S"

RVCP-SUMMARY: TEST PASSED - ELF "artifacts/act4-work/rvemu-rv64imafdc/elfs/rv64i/F/F-fnmsub.s-02.elf"

RVCP-SUMMARY: TEST PASSED - Test File "F-fnmsub.s-03.S"

RVCP-SUMMARY: TEST PASSED - ELF "artifacts/act4-work/rvemu-rv64imafdc/elfs/rv64i/F/F-fnmsub.s-03.elf"

RVCP-SUMMARY: TEST PASSED - Test File "F-fnmsub.s-04.S"

RVCP-SUMMARY: TEST PASSED - ELF "artifacts/act4-work/rvemu-rv64imafdc/elfs/rv64i/F/F-fnmsub.s-04.elf"

RVCP-SUMMARY: TEST PASSED - Test File "F-fnmsub.s-05.S"

RVCP-SUMMARY: TEST PASSED - ELF "artifacts/act4-work/rvemu-rv64imafdc/elfs/rv64i/F/F-fnmsub.s-05.elf"

RVCP-SUMMARY: TEST PASSED - Test File "F-fnmsub.s-06.S"

RVCP-SUMMARY: TEST PASSED - ELF "artifacts/act4-work/rvemu-rv64imafdc/elfs/rv64i/F/F-fnmsub.s-06.elf"

RVCP-SUMMARY: TEST PASSED - Test File "F-fnmsub.s-07.S"

RVCP-SUMMARY: TEST PASSED - ELF "artifacts/act4-work/rvemu-rv64imafdc/elfs/rv64i/F/F-fnmsub.s-07.elf"

RVCP-SUMMARY: TEST PASSED - Test File "F-fnmsub.s-08.S"

RVCP-SUMMARY: TEST PASSED - ELF "artifacts/act4-work/rvemu-rv64imafdc/elfs/rv64i/F/F-fnmsub.s-08.elf"

RVCP-SUMMARY: TEST PASSED - Test File "F-fnmsub.s-09.S"

RVCP-SUMMARY: TEST PASSED - ELF "artifacts/act4-work/rvemu-rv64imafdc/elfs/rv64i/F/F-fnmsub.s-09.elf"

RVCP-SUMMARY: TEST PASSED - Test File "F-fsgnj.s-00.S"

RVCP-SUMMARY: TEST PASSED - ELF "artifacts/act4-work/rvemu-rv64imafdc/elfs/rv64i/F/F-fsgnj.s-00.elf"

RVCP-SUMMARY: TEST PASSED - Test File "F-fsgnjn.s-00.S"

RVCP-SUMMARY: TEST PASSED - ELF "artifacts/act4-work/rvemu-rv64imafdc/elfs/rv64i/F/F-fsgnjn.s-00.elf"

RVCP-SUMMARY: TEST PASSED - Test File "F-fsgnjx.s-00.S"

RVCP-SUMMARY: TEST PASSED - ELF "artifacts/act4-work/rvemu-rv64imafdc/elfs/rv64i/F/F-fsgnjx.s-00.elf"

RVCP-SUMMARY: TEST PASSED - Test File "F-fsqrt.s-00.S"

RVCP-SUMMARY: TEST PASSED - ELF "artifacts/act4-work/rvemu-rv64imafdc/elfs/rv64i/F/F-fsqrt.s-00.elf"

RVCP-SUMMARY: TEST PASSED - Test File "F-fsub.s-00.S"

RVCP-SUMMARY: TEST PASSED - ELF "artifacts/act4-work/rvemu-rv64imafdc/elfs/rv64i/F/F-fsub.s-00.elf"

RVCP-SUMMARY: TEST PASSED - Test File "F-fsub.s-01.S"

RVCP-SUMMARY: TEST PASSED - ELF "artifacts/act4-work/rvemu-rv64imafdc/elfs/rv64i/F/F-fsub.s-01.elf"

RVCP-SUMMARY: TEST PASSED - Test File "F-fsub.s-02.S"

RVCP-SUMMARY: TEST PASSED - ELF "artifacts/act4-work/rvemu-rv64imafdc/elfs/rv64i/F/F-fsub.s-02.elf"

RVCP-SUMMARY: TEST PASSED - Test File "F-fsub.s-03.S"

RVCP-SUMMARY: TEST PASSED - ELF "artifacts/act4-work/rvemu-rv64imafdc/elfs/rv64i/F/F-fsub.s-03.elf"

RVCP-SUMMARY: TEST PASSED - Test File "F-fsub.s-04.S"

RVCP-SUMMARY: TEST PASSED - ELF "artifacts/act4-work/rvemu-rv64imafdc/elfs/rv64i/F/F-fsub.s-04.elf"

RVCP-SUMMARY: TEST PASSED - Test File "F-fsw-00.S"

RVCP-SUMMARY: TEST PASSED - ELF "artifacts/act4-work/rvemu-rv64imafdc/elfs/rv64i/F/F-fsw-00.elf"

RVCP-SUMMARY: TEST PASSED - Test File "I-add-00.S"

RVCP-SUMMARY: TEST PASSED - ELF "artifacts/act4-work/rvemu-rv64imafdc/elfs/rv64i/I/I-add-00.elf"

RVCP-SUMMARY: TEST PASSED - Test File "I-addi-00.S"

RVCP-SUMMARY: TEST PASSED - ELF "artifacts/act4-work/rvemu-rv64imafdc/elfs/rv64i/I/I-addi-00.elf"

RVCP-SUMMARY: TEST PASSED - Test File "I-addiw-00.S"

RVCP-SUMMARY: TEST PASSED - ELF "artifacts/act4-work/rvemu-rv64imafdc/elfs/rv64i/I/I-addiw-00.elf"

RVCP-SUMMARY: TEST PASSED - Test File "I-addw-00.S"

RVCP-SUMMARY: TEST PASSED - ELF "artifacts/act4-work/rvemu-rv64imafdc/elfs/rv64i/I/I-addw-00.elf"

RVCP-SUMMARY: TEST PASSED - Test File "I-and-00.S"

RVCP-SUMMARY: TEST PASSED - ELF "artifacts/act4-work/rvemu-rv64imafdc/elfs/rv64i/I/I-and-00.elf"

RVCP-SUMMARY: TEST PASSED - Test File "I-andi-00.S"

RVCP-SUMMARY: TEST PASSED - ELF "artifacts/act4-work/rvemu-rv64imafdc/elfs/rv64i/I/I-andi-00.elf"

RVCP-SUMMARY: TEST PASSED - Test File "I-auipc-00.S"

RVCP-SUMMARY: TEST PASSED - ELF "artifacts/act4-work/rvemu-rv64imafdc/elfs/rv64i/I/I-auipc-00.elf"

RVCP-SUMMARY: TEST PASSED - Test File "I-beq-00.S"

RVCP-SUMMARY: TEST PASSED - ELF "artifacts/act4-work/rvemu-rv64imafdc/elfs/rv64i/I/I-beq-00.elf"

RVCP-SUMMARY: TEST PASSED - Test File "I-bge-00.S"

RVCP-SUMMARY: TEST PASSED - ELF "artifacts/act4-work/rvemu-rv64imafdc/elfs/rv64i/I/I-bge-00.elf"

RVCP-SUMMARY: TEST PASSED - Test File "I-bgeu-00.S"

RVCP-SUMMARY: TEST PASSED - ELF "artifacts/act4-work/rvemu-rv64imafdc/elfs/rv64i/I/I-bgeu-00.elf"

RVCP-SUMMARY: TEST PASSED - Test File "I-blt-00.S"

RVCP-SUMMARY: TEST PASSED - ELF "artifacts/act4-work/rvemu-rv64imafdc/elfs/rv64i/I/I-blt-00.elf"

RVCP-SUMMARY: TEST PASSED - Test File "I-bltu-00.S"

RVCP-SUMMARY: TEST PASSED - ELF "artifacts/act4-work/rvemu-rv64imafdc/elfs/rv64i/I/I-bltu-00.elf"

RVCP-SUMMARY: TEST PASSED - Test File "I-bne-00.S"

RVCP-SUMMARY: TEST PASSED - ELF "artifacts/act4-work/rvemu-rv64imafdc/elfs/rv64i/I/I-bne-00.elf"

RVCP-SUMMARY: TEST PASSED - Test File "I-fence-00.S"

RVCP-SUMMARY: TEST PASSED - ELF "artifacts/act4-work/rvemu-rv64imafdc/elfs/rv64i/I/I-fence-00.elf"

RVCP-SUMMARY: TEST PASSED - Test File "I-jal-00.S"

RVCP-SUMMARY: TEST PASSED - ELF "artifacts/act4-work/rvemu-rv64imafdc/elfs/rv64i/I/I-jal-00.elf"

RVCP-SUMMARY: TEST PASSED - Test File "I-jalr-00.S"

RVCP-SUMMARY: TEST PASSED - ELF "artifacts/act4-work/rvemu-rv64imafdc/elfs/rv64i/I/I-jalr-00.elf"

RVCP-SUMMARY: TEST PASSED - Test File "I-lb-00.S"

RVCP-SUMMARY: TEST PASSED - ELF "artifacts/act4-work/rvemu-rv64imafdc/elfs/rv64i/I/I-lb-00.elf"

RVCP-SUMMARY: TEST PASSED - Test File "I-lbu-00.S"

RVCP-SUMMARY: TEST PASSED - ELF "artifacts/act4-work/rvemu-rv64imafdc/elfs/rv64i/I/I-lbu-00.elf"

RVCP-SUMMARY: TEST PASSED - Test File "I-ld-00.S"

RVCP-SUMMARY: TEST PASSED - ELF "artifacts/act4-work/rvemu-rv64imafdc/elfs/rv64i/I/I-ld-00.elf"

RVCP-SUMMARY: TEST PASSED - Test File "I-lh-00.S"

RVCP-SUMMARY: TEST PASSED - ELF "artifacts/act4-work/rvemu-rv64imafdc/elfs/rv64i/I/I-lh-00.elf"

RVCP-SUMMARY: TEST PASSED - Test File "I-lhu-00.S"

RVCP-SUMMARY: TEST PASSED - ELF "artifacts/act4-work/rvemu-rv64imafdc/elfs/rv64i/I/I-lhu-00.elf"

RVCP-SUMMARY: TEST PASSED - Test File "I-lui-00.S"

RVCP-SUMMARY: TEST PASSED - ELF "artifacts/act4-work/rvemu-rv64imafdc/elfs/rv64i/I/I-lui-00.elf"

RVCP-SUMMARY: TEST PASSED - Test File "I-lw-00.S"

RVCP-SUMMARY: TEST PASSED - ELF "artifacts/act4-work/rvemu-rv64imafdc/elfs/rv64i/I/I-lw-00.elf"

RVCP-SUMMARY: TEST PASSED - Test File "I-lwu-00.S"

RVCP-SUMMARY: TEST PASSED - ELF "artifacts/act4-work/rvemu-rv64imafdc/elfs/rv64i/I/I-lwu-00.elf"

RVCP-SUMMARY: TEST PASSED - Test File "I-nop-00.S"

RVCP-SUMMARY: TEST PASSED - ELF "artifacts/act4-work/rvemu-rv64imafdc/elfs/rv64i/I/I-nop-00.elf"

RVCP-SUMMARY: TEST PASSED - Test File "I-or-00.S"

RVCP-SUMMARY: TEST PASSED - ELF "artifacts/act4-work/rvemu-rv64imafdc/elfs/rv64i/I/I-or-00.elf"

RVCP-SUMMARY: TEST PASSED - Test File "I-ori-00.S"

RVCP-SUMMARY: TEST PASSED - ELF "artifacts/act4-work/rvemu-rv64imafdc/elfs/rv64i/I/I-ori-00.elf"

RVCP-SUMMARY: TEST PASSED - Test File "I-sb-00.S"

RVCP-SUMMARY: TEST PASSED - ELF "artifacts/act4-work/rvemu-rv64imafdc/elfs/rv64i/I/I-sb-00.elf"

RVCP-SUMMARY: TEST PASSED - Test File "I-sd-00.S"

RVCP-SUMMARY: TEST PASSED - ELF "artifacts/act4-work/rvemu-rv64imafdc/elfs/rv64i/I/I-sd-00.elf"

RVCP-SUMMARY: TEST PASSED - Test File "I-sh-00.S"

RVCP-SUMMARY: TEST PASSED - ELF "artifacts/act4-work/rvemu-rv64imafdc/elfs/rv64i/I/I-sh-00.elf"

RVCP-SUMMARY: TEST PASSED - Test File "I-sll-00.S"

RVCP-SUMMARY: TEST PASSED - ELF "artifacts/act4-work/rvemu-rv64imafdc/elfs/rv64i/I/I-sll-00.elf"

RVCP-SUMMARY: TEST PASSED - Test File "I-slli-00.S"

RVCP-SUMMARY: TEST PASSED - ELF "artifacts/act4-work/rvemu-rv64imafdc/elfs/rv64i/I/I-slli-00.elf"

RVCP-SUMMARY: TEST PASSED - Test File "I-slliw-00.S"

RVCP-SUMMARY: TEST PASSED - ELF "artifacts/act4-work/rvemu-rv64imafdc/elfs/rv64i/I/I-slliw-00.elf"

RVCP-SUMMARY: TEST PASSED - Test File "I-sllw-00.S"

RVCP-SUMMARY: TEST PASSED - ELF "artifacts/act4-work/rvemu-rv64imafdc/elfs/rv64i/I/I-sllw-00.elf"

RVCP-SUMMARY: TEST PASSED - Test File "I-slt-00.S"

RVCP-SUMMARY: TEST PASSED - ELF "artifacts/act4-work/rvemu-rv64imafdc/elfs/rv64i/I/I-slt-00.elf"

RVCP-SUMMARY: TEST PASSED - Test File "I-slti-00.S"

RVCP-SUMMARY: TEST PASSED - ELF "artifacts/act4-work/rvemu-rv64imafdc/elfs/rv64i/I/I-slti-00.elf"

RVCP-SUMMARY: TEST PASSED - Test File "I-sltiu-00.S"

RVCP-SUMMARY: TEST PASSED - ELF "artifacts/act4-work/rvemu-rv64imafdc/elfs/rv64i/I/I-sltiu-00.elf"

RVCP-SUMMARY: TEST PASSED - Test File "I-sltu-00.S"

RVCP-SUMMARY: TEST PASSED - ELF "artifacts/act4-work/rvemu-rv64imafdc/elfs/rv64i/I/I-sltu-00.elf"

RVCP-SUMMARY: TEST PASSED - Test File "I-sra-00.S"

RVCP-SUMMARY: TEST PASSED - ELF "artifacts/act4-work/rvemu-rv64imafdc/elfs/rv64i/I/I-sra-00.elf"

RVCP-SUMMARY: TEST PASSED - Test File "I-srai-00.S"

RVCP-SUMMARY: TEST PASSED - ELF "artifacts/act4-work/rvemu-rv64imafdc/elfs/rv64i/I/I-srai-00.elf"

RVCP-SUMMARY: TEST PASSED - Test File "I-sraiw-00.S"

RVCP-SUMMARY: TEST PASSED - ELF "artifacts/act4-work/rvemu-rv64imafdc/elfs/rv64i/I/I-sraiw-00.elf"

RVCP-SUMMARY: TEST PASSED - Test File "I-sraw-00.S"

RVCP-SUMMARY: TEST PASSED - ELF "artifacts/act4-work/rvemu-rv64imafdc/elfs/rv64i/I/I-sraw-00.elf"

RVCP-SUMMARY: TEST PASSED - Test File "I-srl-00.S"

RVCP-SUMMARY: TEST PASSED - ELF "artifacts/act4-work/rvemu-rv64imafdc/elfs/rv64i/I/I-srl-00.elf"

RVCP-SUMMARY: TEST PASSED - Test File "I-srli-00.S"

RVCP-SUMMARY: TEST PASSED - ELF "artifacts/act4-work/rvemu-rv64imafdc/elfs/rv64i/I/I-srli-00.elf"

RVCP-SUMMARY: TEST PASSED - Test File "I-srliw-00.S"

RVCP-SUMMARY: TEST PASSED - ELF "artifacts/act4-work/rvemu-rv64imafdc/elfs/rv64i/I/I-srliw-00.elf"

RVCP-SUMMARY: TEST PASSED - Test File "I-srlw-00.S"

RVCP-SUMMARY: TEST PASSED - ELF "artifacts/act4-work/rvemu-rv64imafdc/elfs/rv64i/I/I-srlw-00.elf"

RVCP-SUMMARY: TEST PASSED - Test File "I-sub-00.S"

RVCP-SUMMARY: TEST PASSED - ELF "artifacts/act4-work/rvemu-rv64imafdc/elfs/rv64i/I/I-sub-00.elf"

RVCP-SUMMARY: TEST PASSED - Test File "I-subw-00.S"

RVCP-SUMMARY: TEST PASSED - ELF "artifacts/act4-work/rvemu-rv64imafdc/elfs/rv64i/I/I-subw-00.elf"

RVCP-SUMMARY: TEST PASSED - Test File "I-sw-00.S"

RVCP-SUMMARY: TEST PASSED - ELF "artifacts/act4-work/rvemu-rv64imafdc/elfs/rv64i/I/I-sw-00.elf"

RVCP-SUMMARY: TEST PASSED - Test File "I-xor-00.S"

RVCP-SUMMARY: TEST PASSED - ELF "artifacts/act4-work/rvemu-rv64imafdc/elfs/rv64i/I/I-xor-00.elf"

RVCP-SUMMARY: TEST PASSED - Test File "I-xori-00.S"

RVCP-SUMMARY: TEST PASSED - ELF "artifacts/act4-work/rvemu-rv64imafdc/elfs/rv64i/I/I-xori-00.elf"

RVCP-SUMMARY: TEST PASSED - Test File "M-div-00.S"

RVCP-SUMMARY: TEST PASSED - ELF "artifacts/act4-work/rvemu-rv64imafdc/elfs/rv64i/M/M-div-00.elf"

RVCP-SUMMARY: TEST PASSED - Test File "M-divu-00.S"

RVCP-SUMMARY: TEST PASSED - ELF "artifacts/act4-work/rvemu-rv64imafdc/elfs/rv64i/M/M-divu-00.elf"

RVCP-SUMMARY: TEST PASSED - Test File "M-divuw-00.S"

RVCP-SUMMARY: TEST PASSED - ELF "artifacts/act4-work/rvemu-rv64imafdc/elfs/rv64i/M/M-divuw-00.elf"

RVCP-SUMMARY: TEST PASSED - Test File "M-divw-00.S"

RVCP-SUMMARY: TEST PASSED - ELF "artifacts/act4-work/rvemu-rv64imafdc/elfs/rv64i/M/M-divw-00.elf"

RVCP-SUMMARY: TEST PASSED - Test File "M-mul-00.S"

RVCP-SUMMARY: TEST PASSED - ELF "artifacts/act4-work/rvemu-rv64imafdc/elfs/rv64i/M/M-mul-00.elf"

RVCP-SUMMARY: TEST PASSED - Test File "M-mulh-00.S"

RVCP-SUMMARY: TEST PASSED - ELF "artifacts/act4-work/rvemu-rv64imafdc/elfs/rv64i/M/M-mulh-00.elf"

RVCP-SUMMARY: TEST PASSED - Test File "M-mulhsu-00.S"

RVCP-SUMMARY: TEST PASSED - ELF "artifacts/act4-work/rvemu-rv64imafdc/elfs/rv64i/M/M-mulhsu-00.elf"

RVCP-SUMMARY: TEST PASSED - Test File "M-mulhu-00.S"

RVCP-SUMMARY: TEST PASSED - ELF "artifacts/act4-work/rvemu-rv64imafdc/elfs/rv64i/M/M-mulhu-00.elf"

RVCP-SUMMARY: TEST PASSED - Test File "M-mulw-00.S"

RVCP-SUMMARY: TEST PASSED - ELF "artifacts/act4-work/rvemu-rv64imafdc/elfs/rv64i/M/M-mulw-00.elf"

RVCP-SUMMARY: TEST PASSED - Test File "M-rem-00.S"

RVCP-SUMMARY: TEST PASSED - ELF "artifacts/act4-work/rvemu-rv64imafdc/elfs/rv64i/M/M-rem-00.elf"

RVCP-SUMMARY: TEST PASSED - Test File "M-remu-00.S"

RVCP-SUMMARY: TEST PASSED - ELF "artifacts/act4-work/rvemu-rv64imafdc/elfs/rv64i/M/M-remu-00.elf"

RVCP-SUMMARY: TEST PASSED - Test File "M-remuw-00.S"

RVCP-SUMMARY: TEST PASSED - ELF "artifacts/act4-work/rvemu-rv64imafdc/elfs/rv64i/M/M-remuw-00.elf"

RVCP-SUMMARY: TEST PASSED - Test File "M-remw-00.S"

RVCP-SUMMARY: TEST PASSED - ELF "artifacts/act4-work/rvemu-rv64imafdc/elfs/rv64i/M/M-remw-00.elf"

RVCP-SUMMARY: TEST PASSED - Test File "Misalign-ld-00.S"

RVCP-SUMMARY: TEST PASSED - ELF "artifacts/act4-work/rvemu-rv64imafdc/elfs/rv64i/Misalign/Misalign-ld-00.elf"

RVCP-SUMMARY: TEST PASSED - Test File "Misalign-lh-00.S"

RVCP-SUMMARY: TEST PASSED - ELF "artifacts/act4-work/rvemu-rv64imafdc/elfs/rv64i/Misalign/Misalign-lh-00.elf"

RVCP-SUMMARY: TEST PASSED - Test File "Misalign-lhu-00.S"

RVCP-SUMMARY: TEST PASSED - ELF "artifacts/act4-work/rvemu-rv64imafdc/elfs/rv64i/Misalign/Misalign-lhu-00.elf"

RVCP-SUMMARY: TEST PASSED - Test File "Misalign-lw-00.S"

RVCP-SUMMARY: TEST PASSED - ELF "artifacts/act4-work/rvemu-rv64imafdc/elfs/rv64i/Misalign/Misalign-lw-00.elf"

RVCP-SUMMARY: TEST PASSED - Test File "Misalign-lwu-00.S"

RVCP-SUMMARY: TEST PASSED - ELF "artifacts/act4-work/rvemu-rv64imafdc/elfs/rv64i/Misalign/Misalign-lwu-00.elf"

RVCP-SUMMARY: TEST PASSED - Test File "Misalign-sd-00.S"

RVCP-SUMMARY: TEST PASSED - ELF "artifacts/act4-work/rvemu-rv64imafdc/elfs/rv64i/Misalign/Misalign-sd-00.elf"

RVCP-SUMMARY: TEST PASSED - Test File "Misalign-sh-00.S"

RVCP-SUMMARY: TEST PASSED - ELF "artifacts/act4-work/rvemu-rv64imafdc/elfs/rv64i/Misalign/Misalign-sh-00.elf"

RVCP-SUMMARY: TEST PASSED - Test File "Misalign-sw-00.S"

RVCP-SUMMARY: TEST PASSED - ELF "artifacts/act4-work/rvemu-rv64imafdc/elfs/rv64i/Misalign/Misalign-sw-00.elf"

RVCP-SUMMARY: TEST PASSED - Test File "MisalignD-fld-00.S"

RVCP-SUMMARY: TEST PASSED - ELF "artifacts/act4-work/rvemu-rv64imafdc/elfs/rv64i/MisalignD/MisalignD-fld-00.elf"

RVCP-SUMMARY: TEST PASSED - Test File "MisalignD-fsd-00.S"

RVCP-SUMMARY: TEST PASSED - ELF "artifacts/act4-work/rvemu-rv64imafdc/elfs/rv64i/MisalignD/MisalignD-fsd-00.elf"

RVCP-SUMMARY: TEST PASSED - Test File "MisalignF-flw-00.S"

RVCP-SUMMARY: TEST PASSED - ELF "artifacts/act4-work/rvemu-rv64imafdc/elfs/rv64i/MisalignF/MisalignF-flw-00.elf"

RVCP-SUMMARY: TEST PASSED - Test File "MisalignF-fsw-00.S"

RVCP-SUMMARY: TEST PASSED - ELF "artifacts/act4-work/rvemu-rv64imafdc/elfs/rv64i/MisalignF/MisalignF-fsw-00.elf"

RVCP-SUMMARY: TEST PASSED - Test File "MisalignZca-c.ld-00.S"

RVCP-SUMMARY: TEST PASSED - ELF "artifacts/act4-work/rvemu-rv64imafdc/elfs/rv64i/MisalignZca/MisalignZca-c.ld-00.elf"

RVCP-SUMMARY: TEST PASSED - Test File "MisalignZca-c.ldsp-00.S"

RVCP-SUMMARY: TEST PASSED - ELF "artifacts/act4-work/rvemu-rv64imafdc/elfs/rv64i/MisalignZca/MisalignZca-c.ldsp-00.elf"

RVCP-SUMMARY: TEST PASSED - Test File "MisalignZca-c.lw-00.S"

RVCP-SUMMARY: TEST PASSED - ELF "artifacts/act4-work/rvemu-rv64imafdc/elfs/rv64i/MisalignZca/MisalignZca-c.lw-00.elf"

RVCP-SUMMARY: TEST PASSED - Test File "MisalignZca-c.lwsp-00.S"

RVCP-SUMMARY: TEST PASSED - ELF "artifacts/act4-work/rvemu-rv64imafdc/elfs/rv64i/MisalignZca/MisalignZca-c.lwsp-00.elf"

RVCP-SUMMARY: TEST PASSED - Test File "MisalignZca-c.sd-00.S"

RVCP-SUMMARY: TEST PASSED - ELF "artifacts/act4-work/rvemu-rv64imafdc/elfs/rv64i/MisalignZca/MisalignZca-c.sd-00.elf"

RVCP-SUMMARY: TEST PASSED - Test File "MisalignZca-c.sdsp-00.S"

RVCP-SUMMARY: TEST PASSED - ELF "artifacts/act4-work/rvemu-rv64imafdc/elfs/rv64i/MisalignZca/MisalignZca-c.sdsp-00.elf"

RVCP-SUMMARY: TEST PASSED - Test File "MisalignZca-c.sw-00.S"

RVCP-SUMMARY: TEST PASSED - ELF "artifacts/act4-work/rvemu-rv64imafdc/elfs/rv64i/MisalignZca/MisalignZca-c.sw-00.elf"

RVCP-SUMMARY: TEST PASSED - Test File "MisalignZca-c.swsp-00.S"

RVCP-SUMMARY: TEST PASSED - ELF "artifacts/act4-work/rvemu-rv64imafdc/elfs/rv64i/MisalignZca/MisalignZca-c.swsp-00.elf"

RVCP-SUMMARY: TEST PASSED - Test File "Zaamo-amoadd.d-00.S"

RVCP-SUMMARY: TEST PASSED - ELF "artifacts/act4-work/rvemu-rv64imafdc/elfs/rv64i/Zaamo/Zaamo-amoadd.d-00.elf"

RVCP-SUMMARY: TEST PASSED - Test File "Zaamo-amoadd.w-00.S"

RVCP-SUMMARY: TEST PASSED - ELF "artifacts/act4-work/rvemu-rv64imafdc/elfs/rv64i/Zaamo/Zaamo-amoadd.w-00.elf"

RVCP-SUMMARY: TEST PASSED - Test File "Zaamo-amoand.d-00.S"

RVCP-SUMMARY: TEST PASSED - ELF "artifacts/act4-work/rvemu-rv64imafdc/elfs/rv64i/Zaamo/Zaamo-amoand.d-00.elf"

RVCP-SUMMARY: TEST PASSED - Test File "Zaamo-amoand.w-00.S"

RVCP-SUMMARY: TEST PASSED - ELF "artifacts/act4-work/rvemu-rv64imafdc/elfs/rv64i/Zaamo/Zaamo-amoand.w-00.elf"

RVCP-SUMMARY: TEST PASSED - Test File "Zaamo-amomax.d-00.S"

RVCP-SUMMARY: TEST PASSED - ELF "artifacts/act4-work/rvemu-rv64imafdc/elfs/rv64i/Zaamo/Zaamo-amomax.d-00.elf"

RVCP-SUMMARY: TEST PASSED - Test File "Zaamo-amomax.w-00.S"

RVCP-SUMMARY: TEST PASSED - ELF "artifacts/act4-work/rvemu-rv64imafdc/elfs/rv64i/Zaamo/Zaamo-amomax.w-00.elf"

RVCP-SUMMARY: TEST PASSED - Test File "Zaamo-amomaxu.d-00.S"

RVCP-SUMMARY: TEST PASSED - ELF "artifacts/act4-work/rvemu-rv64imafdc/elfs/rv64i/Zaamo/Zaamo-amomaxu.d-00.elf"

RVCP-SUMMARY: TEST PASSED - Test File "Zaamo-amomaxu.w-00.S"

RVCP-SUMMARY: TEST PASSED - ELF "artifacts/act4-work/rvemu-rv64imafdc/elfs/rv64i/Zaamo/Zaamo-amomaxu.w-00.elf"

RVCP-SUMMARY: TEST PASSED - Test File "Zaamo-amomin.d-00.S"

RVCP-SUMMARY: TEST PASSED - ELF "artifacts/act4-work/rvemu-rv64imafdc/elfs/rv64i/Zaamo/Zaamo-amomin.d-00.elf"

RVCP-SUMMARY: TEST PASSED - Test File "Zaamo-amomin.w-00.S"

RVCP-SUMMARY: TEST PASSED - ELF "artifacts/act4-work/rvemu-rv64imafdc/elfs/rv64i/Zaamo/Zaamo-amomin.w-00.elf"

RVCP-SUMMARY: TEST PASSED - Test File "Zaamo-amominu.d-00.S"

RVCP-SUMMARY: TEST PASSED - ELF "artifacts/act4-work/rvemu-rv64imafdc/elfs/rv64i/Zaamo/Zaamo-amominu.d-00.elf"

RVCP-SUMMARY: TEST PASSED - Test File "Zaamo-amominu.w-00.S"

RVCP-SUMMARY: TEST PASSED - ELF "artifacts/act4-work/rvemu-rv64imafdc/elfs/rv64i/Zaamo/Zaamo-amominu.w-00.elf"

RVCP-SUMMARY: TEST PASSED - Test File "Zaamo-amoor.d-00.S"

RVCP-SUMMARY: TEST PASSED - ELF "artifacts/act4-work/rvemu-rv64imafdc/elfs/rv64i/Zaamo/Zaamo-amoor.d-00.elf"

RVCP-SUMMARY: TEST PASSED - Test File "Zaamo-amoor.w-00.S"

RVCP-SUMMARY: TEST PASSED - ELF "artifacts/act4-work/rvemu-rv64imafdc/elfs/rv64i/Zaamo/Zaamo-amoor.w-00.elf"

RVCP-SUMMARY: TEST PASSED - Test File "Zaamo-amoswap.d-00.S"

RVCP-SUMMARY: TEST PASSED - ELF "artifacts/act4-work/rvemu-rv64imafdc/elfs/rv64i/Zaamo/Zaamo-amoswap.d-00.elf"

RVCP-SUMMARY: TEST PASSED - Test File "Zaamo-amoswap.w-00.S"

RVCP-SUMMARY: TEST PASSED - ELF "artifacts/act4-work/rvemu-rv64imafdc/elfs/rv64i/Zaamo/Zaamo-amoswap.w-00.elf"

RVCP-SUMMARY: TEST PASSED - Test File "Zaamo-amoxor.d-00.S"

RVCP-SUMMARY: TEST PASSED - ELF "artifacts/act4-work/rvemu-rv64imafdc/elfs/rv64i/Zaamo/Zaamo-amoxor.d-00.elf"

RVCP-SUMMARY: TEST PASSED - Test File "Zaamo-amoxor.w-00.S"

RVCP-SUMMARY: TEST PASSED - ELF "artifacts/act4-work/rvemu-rv64imafdc/elfs/rv64i/Zaamo/Zaamo-amoxor.w-00.elf"

RVCP-SUMMARY: TEST PASSED - Test File "Zalrsc-lr.d-00.S"

RVCP-SUMMARY: TEST PASSED - ELF "artifacts/act4-work/rvemu-rv64imafdc/elfs/rv64i/Zalrsc/Zalrsc-lr.d-00.elf"

RVCP-SUMMARY: TEST PASSED - Test File "Zalrsc-lr.w-00.S"

RVCP-SUMMARY: TEST PASSED - ELF "artifacts/act4-work/rvemu-rv64imafdc/elfs/rv64i/Zalrsc/Zalrsc-lr.w-00.elf"

RVCP-SUMMARY: TEST PASSED - Test File "Zalrsc-sc.d-00.S"

RVCP-SUMMARY: TEST PASSED - ELF "artifacts/act4-work/rvemu-rv64imafdc/elfs/rv64i/Zalrsc/Zalrsc-sc.d-00.elf"

RVCP-SUMMARY: TEST PASSED - Test File "Zalrsc-sc.w-00.S"

RVCP-SUMMARY: TEST PASSED - ELF "artifacts/act4-work/rvemu-rv64imafdc/elfs/rv64i/Zalrsc/Zalrsc-sc.w-00.elf"

RVCP-SUMMARY: TEST PASSED - Test File "Zca-c.add-00.S"

RVCP-SUMMARY: TEST PASSED - ELF "artifacts/act4-work/rvemu-rv64imafdc/elfs/rv64i/Zca/Zca-c.add-00.elf"

RVCP-SUMMARY: TEST PASSED - Test File "Zca-c.addi-00.S"

RVCP-SUMMARY: TEST PASSED - ELF "artifacts/act4-work/rvemu-rv64imafdc/elfs/rv64i/Zca/Zca-c.addi-00.elf"

RVCP-SUMMARY: TEST PASSED - Test File "Zca-c.addi16sp-00.S"

RVCP-SUMMARY: TEST PASSED - ELF "artifacts/act4-work/rvemu-rv64imafdc/elfs/rv64i/Zca/Zca-c.addi16sp-00.elf"

RVCP-SUMMARY: TEST PASSED - Test File "Zca-c.addi4spn-00.S"

RVCP-SUMMARY: TEST PASSED - ELF "artifacts/act4-work/rvemu-rv64imafdc/elfs/rv64i/Zca/Zca-c.addi4spn-00.elf"

RVCP-SUMMARY: TEST PASSED - Test File "Zca-c.addiw-00.S"

RVCP-SUMMARY: TEST PASSED - ELF "artifacts/act4-work/rvemu-rv64imafdc/elfs/rv64i/Zca/Zca-c.addiw-00.elf"

RVCP-SUMMARY: TEST PASSED - Test File "Zca-c.addw-00.S"

RVCP-SUMMARY: TEST PASSED - ELF "artifacts/act4-work/rvemu-rv64imafdc/elfs/rv64i/Zca/Zca-c.addw-00.elf"

RVCP-SUMMARY: TEST PASSED - Test File "Zca-c.and-00.S"

RVCP-SUMMARY: TEST PASSED - ELF "artifacts/act4-work/rvemu-rv64imafdc/elfs/rv64i/Zca/Zca-c.and-00.elf"

RVCP-SUMMARY: TEST PASSED - Test File "Zca-c.andi-00.S"

RVCP-SUMMARY: TEST PASSED - ELF "artifacts/act4-work/rvemu-rv64imafdc/elfs/rv64i/Zca/Zca-c.andi-00.elf"

RVCP-SUMMARY: TEST PASSED - Test File "Zca-c.beqz-00.S"

RVCP-SUMMARY: TEST PASSED - ELF "artifacts/act4-work/rvemu-rv64imafdc/elfs/rv64i/Zca/Zca-c.beqz-00.elf"

RVCP-SUMMARY: TEST PASSED - Test File "Zca-c.bnez-00.S"

RVCP-SUMMARY: TEST PASSED - ELF "artifacts/act4-work/rvemu-rv64imafdc/elfs/rv64i/Zca/Zca-c.bnez-00.elf"

RVCP-SUMMARY: TEST PASSED - Test File "Zca-c.j-00.S"

RVCP-SUMMARY: TEST PASSED - ELF "artifacts/act4-work/rvemu-rv64imafdc/elfs/rv64i/Zca/Zca-c.j-00.elf"

RVCP-SUMMARY: TEST PASSED - Test File "Zca-c.jalr-00.S"

RVCP-SUMMARY: TEST PASSED - ELF "artifacts/act4-work/rvemu-rv64imafdc/elfs/rv64i/Zca/Zca-c.jalr-00.elf"

RVCP-SUMMARY: TEST PASSED - Test File "Zca-c.jr-00.S"

RVCP-SUMMARY: TEST PASSED - ELF "artifacts/act4-work/rvemu-rv64imafdc/elfs/rv64i/Zca/Zca-c.jr-00.elf"

RVCP-SUMMARY: TEST PASSED - Test File "Zca-c.ld-00.S"

RVCP-SUMMARY: TEST PASSED - ELF "artifacts/act4-work/rvemu-rv64imafdc/elfs/rv64i/Zca/Zca-c.ld-00.elf"

RVCP-SUMMARY: TEST PASSED - Test File "Zca-c.ldsp-00.S"

RVCP-SUMMARY: TEST PASSED - ELF "artifacts/act4-work/rvemu-rv64imafdc/elfs/rv64i/Zca/Zca-c.ldsp-00.elf"

RVCP-SUMMARY: TEST PASSED - Test File "Zca-c.li-00.S"

RVCP-SUMMARY: TEST PASSED - ELF "artifacts/act4-work/rvemu-rv64imafdc/elfs/rv64i/Zca/Zca-c.li-00.elf"

RVCP-SUMMARY: TEST PASSED - Test File "Zca-c.lui-00.S"

RVCP-SUMMARY: TEST PASSED - ELF "artifacts/act4-work/rvemu-rv64imafdc/elfs/rv64i/Zca/Zca-c.lui-00.elf"

RVCP-SUMMARY: TEST PASSED - Test File "Zca-c.lw-00.S"

RVCP-SUMMARY: TEST PASSED - ELF "artifacts/act4-work/rvemu-rv64imafdc/elfs/rv64i/Zca/Zca-c.lw-00.elf"

RVCP-SUMMARY: TEST PASSED - Test File "Zca-c.lwsp-00.S"

RVCP-SUMMARY: TEST PASSED - ELF "artifacts/act4-work/rvemu-rv64imafdc/elfs/rv64i/Zca/Zca-c.lwsp-00.elf"

RVCP-SUMMARY: TEST PASSED - Test File "Zca-c.mv-00.S"

RVCP-SUMMARY: TEST PASSED - ELF "artifacts/act4-work/rvemu-rv64imafdc/elfs/rv64i/Zca/Zca-c.mv-00.elf"

RVCP-SUMMARY: TEST PASSED - Test File "Zca-c.nop-00.S"

RVCP-SUMMARY: TEST PASSED - ELF "artifacts/act4-work/rvemu-rv64imafdc/elfs/rv64i/Zca/Zca-c.nop-00.elf"

RVCP-SUMMARY: TEST PASSED - Test File "Zca-c.or-00.S"

RVCP-SUMMARY: TEST PASSED - ELF "artifacts/act4-work/rvemu-rv64imafdc/elfs/rv64i/Zca/Zca-c.or-00.elf"

RVCP-SUMMARY: TEST PASSED - Test File "Zca-c.sd-00.S"

RVCP-SUMMARY: TEST PASSED - ELF "artifacts/act4-work/rvemu-rv64imafdc/elfs/rv64i/Zca/Zca-c.sd-00.elf"

RVCP-SUMMARY: TEST PASSED - Test File "Zca-c.sdsp-00.S"

RVCP-SUMMARY: TEST PASSED - ELF "artifacts/act4-work/rvemu-rv64imafdc/elfs/rv64i/Zca/Zca-c.sdsp-00.elf"

RVCP-SUMMARY: TEST PASSED - Test File "Zca-c.slli-00.S"

RVCP-SUMMARY: TEST PASSED - ELF "artifacts/act4-work/rvemu-rv64imafdc/elfs/rv64i/Zca/Zca-c.slli-00.elf"

RVCP-SUMMARY: TEST PASSED - Test File "Zca-c.srai-00.S"

RVCP-SUMMARY: TEST PASSED - ELF "artifacts/act4-work/rvemu-rv64imafdc/elfs/rv64i/Zca/Zca-c.srai-00.elf"

RVCP-SUMMARY: TEST PASSED - Test File "Zca-c.srli-00.S"

RVCP-SUMMARY: TEST PASSED - ELF "artifacts/act4-work/rvemu-rv64imafdc/elfs/rv64i/Zca/Zca-c.srli-00.elf"

RVCP-SUMMARY: TEST PASSED - Test File "Zca-c.sub-00.S"

RVCP-SUMMARY: TEST PASSED - ELF "artifacts/act4-work/rvemu-rv64imafdc/elfs/rv64i/Zca/Zca-c.sub-00.elf"

RVCP-SUMMARY: TEST PASSED - Test File "Zca-c.subw-00.S"

RVCP-SUMMARY: TEST PASSED - ELF "artifacts/act4-work/rvemu-rv64imafdc/elfs/rv64i/Zca/Zca-c.subw-00.elf"

RVCP-SUMMARY: TEST PASSED - Test File "Zca-c.sw-00.S"

RVCP-SUMMARY: TEST PASSED - ELF "artifacts/act4-work/rvemu-rv64imafdc/elfs/rv64i/Zca/Zca-c.sw-00.elf"

RVCP-SUMMARY: TEST PASSED - Test File "Zca-c.swsp-00.S"

RVCP-SUMMARY: TEST PASSED - ELF "artifacts/act4-work/rvemu-rv64imafdc/elfs/rv64i/Zca/Zca-c.swsp-00.elf"

RVCP-SUMMARY: TEST PASSED - Test File "Zca-c.xor-00.S"

RVCP-SUMMARY: TEST PASSED - ELF "artifacts/act4-work/rvemu-rv64imafdc/elfs/rv64i/Zca/Zca-c.xor-00.elf"

RVCP-SUMMARY: TEST PASSED - Test File "Zcd-c.fld-00.S"

RVCP-SUMMARY: TEST PASSED - ELF "artifacts/act4-work/rvemu-rv64imafdc/elfs/rv64i/Zcd/Zcd-c.fld-00.elf"

RVCP-SUMMARY: TEST PASSED - Test File "Zcd-c.fldsp-00.S"

RVCP-SUMMARY: TEST PASSED - ELF "artifacts/act4-work/rvemu-rv64imafdc/elfs/rv64i/Zcd/Zcd-c.fldsp-00.elf"

RVCP-SUMMARY: TEST PASSED - Test File "Zcd-c.fsd-00.S"

RVCP-SUMMARY: TEST PASSED - ELF "artifacts/act4-work/rvemu-rv64imafdc/elfs/rv64i/Zcd/Zcd-c.fsd-00.elf"

RVCP-SUMMARY: TEST PASSED - Test File "Zcd-c.fsdsp-00.S"

RVCP-SUMMARY: TEST PASSED - ELF "artifacts/act4-work/rvemu-rv64imafdc/elfs/rv64i/Zcd/Zcd-c.fsdsp-00.elf"

RVCP-SUMMARY: TEST PASSED - Test File "Zicntr-csrrc-00.S"

RVCP-SUMMARY: TEST PASSED - ELF "artifacts/act4-work/rvemu-rv64imafdc/elfs/rv64i/Zicntr/Zicntr-csrrc-00.elf"

RVCP-SUMMARY: TEST PASSED - Test File "Zicntr-csrrs-00.S"

RVCP-SUMMARY: TEST PASSED - ELF "artifacts/act4-work/rvemu-rv64imafdc/elfs/rv64i/Zicntr/Zicntr-csrrs-00.elf"

RVCP-SUMMARY: TEST PASSED - Test File "Zicsr-csrrc-00.S"

RVCP-SUMMARY: TEST PASSED - ELF "artifacts/act4-work/rvemu-rv64imafdc/elfs/rv64i/Zicsr/Zicsr-csrrc-00.elf"

RVCP-SUMMARY: TEST PASSED - Test File "Zicsr-csrrci-00.S"

RVCP-SUMMARY: TEST PASSED - ELF "artifacts/act4-work/rvemu-rv64imafdc/elfs/rv64i/Zicsr/Zicsr-csrrci-00.elf"

RVCP-SUMMARY: TEST PASSED - Test File "Zicsr-csrrs-00.S"

RVCP-SUMMARY: TEST PASSED - ELF "artifacts/act4-work/rvemu-rv64imafdc/elfs/rv64i/Zicsr/Zicsr-csrrs-00.elf"

RVCP-SUMMARY: TEST PASSED - Test File "Zicsr-csrrsi-00.S"

RVCP-SUMMARY: TEST PASSED - ELF "artifacts/act4-work/rvemu-rv64imafdc/elfs/rv64i/Zicsr/Zicsr-csrrsi-00.elf"

RVCP-SUMMARY: TEST PASSED - Test File "Zicsr-csrrw-00.S"

RVCP-SUMMARY: TEST PASSED - ELF "artifacts/act4-work/rvemu-rv64imafdc/elfs/rv64i/Zicsr/Zicsr-csrrw-00.elf"

RVCP-SUMMARY: TEST PASSED - Test File "Zicsr-csrrwi-00.S"

RVCP-SUMMARY: TEST PASSED - ELF "artifacts/act4-work/rvemu-rv64imafdc/elfs/rv64i/Zicsr/Zicsr-csrrwi-00.elf"

RVCP-SUMMARY: TEST PASSED - Test File "Zifencei-fence.i-00.S"

RVCP-SUMMARY: TEST PASSED - ELF "artifacts/act4-work/rvemu-rv64imafdc/elfs/rv64i/Zifencei/Zifencei-fence.i-00.elf"
