[run_all_logs] boot command: ./build/riscv_vector_emulator --bios artifacts/firmware/fw_jump.bin --kernel artifacts/kernel/Image --disk artifacts/disk/rootfs.ext4 --net none
^D
OpenSBI v1.6
   ____                    _____ ____ _____
  / __ \                  / ____|  _ \_   _|
 | |  | |_ __   ___ _ __ | (___ | |_) || |
 | |  | | '_ \ / _ \ '_ \ \___ \|  _ < | |
 | |__| | |_) |  __/ | | |____) | |_) || |_
  \____/| .__/ \___|_| |_|_____/|____/_____|
        | |
        |_|

Platform Name               : rvemu,riscv64-gcv-single-hart
Platform Features           : medeleg
Platform HART Count         : 1
Platform IPI Device         : aclint-mswi
Platform Timer Device       : aclint-mtimer @ 10000000Hz
Platform Console Device     : uart8250
Platform HSM Device         : ---
Platform PMU Device         : ---
Platform Reboot Device      : ---
Platform Shutdown Device    : ---
Platform Suspend Device     : ---
Platform CPPC Device        : ---
Firmware Base               : 0x80000000
Firmware Size               : 325 KB
Firmware RW Offset          : 0x40000
Firmware RW Size            : 69 KB
Firmware Heap Offset        : 0x48000
Firmware Heap Size          : 37 KB (total), 2 KB (reserved), 11 KB (used), 23 KB (free)
Firmware Scratch Size       : 4096 B (total), 432 B (used), 3664 B (free)
Runtime SBI Version         : 2.0
Standard SBI Extensions     : time,rfnc,ipi,base,hsm,pmu,dbcn,legacy
Experimental SBI Extensions : fwft,sse

Domain0 Name                : root
Domain0 Boot HART           : 0
Domain0 HARTs               : 0*
Domain0 Region00            : 0x0000000010000000-0x0000000010000fff M: (I,R,W) S/U: (R,W)
Domain0 Region01            : 0x0000000002008000-0x000000000200bfff M: (I,R,W) S/U: ()
Domain0 Region02            : 0x0000000002000000-0x0000000002007fff M: (I,R,W) S/U: ()
Domain0 Region03            : 0x0000000080040000-0x000000008005ffff M: (R,W) S/U: ()
Domain0 Region04            : 0x0000000080000000-0x000000008003ffff M: (R,X) S/U: ()
Domain0 Region05            : 0x000000000c000000-0x000000000fffffff M: (I,R,W) S/U: (R,W)
Domain0 Region06            : 0x0000000000000000-0xffffffffffffffff M: () S/U: (R,W,X)
Domain0 Next Address        : 0x0000000080200000
Domain0 Next Arg1           : 0x0000000082200000
Domain0 Next Mode           : S-mode
Domain0 SysReset            : yes
Domain0 SysSuspend          : yes

Boot HART ID                : 0
Boot HART Domain            : root
Boot HART Priv Version      : v1.11
Boot HART Base ISA          : rv64imafdc
Boot HART ISA Extensions    : zicntr,zihpm
Boot HART PMP Count         : 64
Boot HART PMP Granularity   : 2 bits
Boot HART PMP Address Bits  : 54
Boot HART MHPM Info         : 29 (0xfffffff8)
Boot HART Debug Triggers    : 0 triggers
Boot HART MIDELEG           : 0x0000000000000222
Boot HART MEDELEG           : 0x000000000000b109
[    0.000000] Booting Linux on hartid 0
[    0.000000] Linux version 6.18.7 (root@7f5452be63ab) (riscv64-buildroot-linux-gnu-gcc.br_real (Buildroot 2026.05.1) 14.4.0, GNU ld (GNU Binutils) 2.45.1) #1 SMP Thu Jul 23 05:30:55 UTC 2026
[    0.000000] Machine model: rvemu,riscv64-gcv-single-hart
[    0.000000] SBI specification v2.0 detected
[    0.000000] SBI implementation ID=0x1 Version=0x10006
[    0.000000] SBI TIME extension detected
[    0.000000] SBI IPI extension detected
[    0.000000] SBI RFENCE extension detected
[    0.000000] SBI DBCN extension detected
[    0.000000] efi: UEFI not found.
[    0.000000] earlycon: ns16550a0 at MMIO 0x0000000010000000 (options '115200n8')
[    0.000000] printk: legacy bootconsole [ns16550a0] enabled
[    0.000000] OF: reserved mem: 0x0000000080000000..0x000000008003ffff (256 KiB) nomap non-reusable mmode_resv1@80000000
[    0.000000] OF: reserved mem: 0x0000000080040000..0x000000008005ffff (128 KiB) nomap non-reusable mmode_resv0@80040000
[    0.000000] Zone ranges:
[    0.000000]   DMA32    [mem 0x0000000080000000-0x00000000bfffffff]
[    0.000000]   Normal   empty
[    0.000000] Movable zone start for each node
[    0.000000] Early memory node ranges
[    0.000000]   node   0: [mem 0x0000000080000000-0x000000008005ffff]
[    0.000000]   node   0: [mem 0x0000000080060000-0x00000000bfffffff]
[    0.000000] Initmem setup node 0 [mem 0x0000000080000000-0x00000000bfffffff]
